<?xml version="1.0" encoding="UTF-8"?>
<!-- Generated by org.testng.reporters.JUnitXMLReporter -->
<testsuite hostname="Sharu-PC" name="Endtoend" tests="4" failures="0" timestamp="11 May 2020 15:15:41 GMT" time="63.539" errors="0">
  <testcase name="login" time="39.439" classname="com.altemetrik.LinkedIn_Aut.Logintest"/>
  <testcase name="salesclick" time="7.935" classname="com.altemetrik.LinkedIn_Aut.Logintest"/>
  <testcase name="validations" time="13.663" classname="com.altemetrik.LinkedIn_Aut.Logintest"/>
  <testcase name="logout" time="2.411" classname="com.altemetrik.LinkedIn_Aut.Logintest"/>
</testsuite> <!-- Endtoend -->
